<?xml version="1.0" encoding="UTF-8"?>
<!-- Generated by org.testng.reporters.JUnitReportReporter -->
<testsuite hostname="LAPTOP-RMF5TH8H" failures="1" tests="2" name="RunnerFile.TestNgRunner" time="23.202" errors="0" timestamp="2022-12-26T17:39:50 IST" skipped="0">
  <testcase classname="RunnerFile.TestNgRunner" name="runScenario" time="14.597"/>
  <system-out/>
  <testcase classname="RunnerFile.TestNgRunner" name="runScenario" time="8.605">
    <failure message="expected [] but found [https://profile.w3schools.com/]" type="java.lang.AssertionError">
      <![CDATA[java.lang.AssertionError: expected [] but found [https://profile.w3schools.com/]
at org.testng.Assert.fail(Assert.java:99)
at org.testng.Assert.failNotEquals(Assert.java:1037)
at org.testng.Assert.assertEqualsImpl(Assert.java:140)
at org.testng.Assert.assertEquals(Assert.java:122)
at org.testng.Assert.assertEquals(Assert.java:629)
at org.testng.Assert.assertEquals(Assert.java:639)
at stepDefinations.LoginStepDefination.Then_user_should_land_on_Homepage_and_verify_url(LoginStepDefination.java:65)
at ✽.user should land on Homepage and verify url(file:///C:/Users/prade/eclipse-workspace/W3SchoolProj/src/test/java/features/Login.feature:14)
]]>
    </failure>
  </testcase> <!-- runScenario -->
  <system-out/>
</testsuite> <!-- RunnerFile.TestNgRunner -->
